<?xml version="1.0" encoding="UTF-8"?>
<testsuite xmlns:xsi="http://www.w3.org/2001/XMLSchema-instance" xsi:noNamespaceSchemaLocation="https://maven.apache.org/surefire/maven-surefire-plugin/xsd/surefire-test-report.xsd" version="3.0.2" name="com.courseservice.api.CourseServiceapiApplicationTests" time="3.15" tests="1" errors="0" skipped="0" failures="0">
  <properties>
[...]
</properties>
  <testcase name="contextLoads" classname="com.courseservice.api.CourseServiceapiApplicationTests" time="0.946">
    <system-out><![CDATA[15:25:30.536 [main] INFO org.springframework.test.context.support.AnnotationConfigContextLoaderUtils -- Could not detect default configuration classes for test class [com.courseservice.api.CourseServiceapiApplicationTests]: CourseServiceapiApplicationTests does not declare any static, non-private, non-final, nested classes annotated with @Configuration.
15:25:30.625 [main] INFO org.springframework.boot.test.context.SpringBootTestContextBootstrapper -- Found @SpringBootConfiguration com.courseservice.api.CourseServiceapiApplication for test class com.courseservice.api.CourseServiceapiApplicationTests

  .   ____          _            __ _ _
 /\\ / ___'_ __ _ _(_)_ __  __ _ \ \ \ \
( ( )\___ | '_ | '_| | '_ \/ _` | \ \ \ \
 \\/  ___)| |_)| | | | | || (_| |  ) ) ) )
  '  |____| .__|_| |_|_| |_\__, | / / / /
 =========|_|==============|___/=/_/_/_/

 :: Spring Boot ::                (v3.4.0)

2024-11-28T15:25:30.974+05:30  INFO 12784 --- [mongodbapi] [           main] c.c.a.CourseServiceapiApplicationTests   : Starting CourseServiceapiApplicationTests using Java 17.0.2 with PID 12784 (started by Lenovo in C:\ARG\WorkSpace\APIService\CourseServiceAPI)
2024-11-28T15:25:30.975+05:30  INFO 12784 --- [mongodbapi] [           main] c.c.a.CourseServiceapiApplicationTests   : No active profile set, falling back to 1 default profile: "default"
2024-11-28T15:25:31.431+05:30  INFO 12784 --- [mongodbapi] [           main] .s.d.r.c.RepositoryConfigurationDelegate : Bootstrapping Spring Data Reactive MongoDB repositories in DEFAULT mode.
2024-11-28T15:25:31.525+05:30  INFO 12784 --- [mongodbapi] [           main] .s.d.r.c.RepositoryConfigurationDelegate : Finished Spring Data repository scanning in 89 ms. Found 0 Reactive MongoDB repository interfaces.
2024-11-28T15:25:31.531+05:30  INFO 12784 --- [mongodbapi] [           main] .s.d.r.c.RepositoryConfigurationDelegate : Bootstrapping Spring Data MongoDB repositories in DEFAULT mode.
2024-11-28T15:25:31.547+05:30  INFO 12784 --- [mongodbapi] [           main] .s.d.r.c.RepositoryConfigurationDelegate : Finished Spring Data repository scanning in 14 ms. Found 1 MongoDB repository interface.
2024-11-28T15:25:31.921+05:30  INFO 12784 --- [mongodbapi] [6xl.mongodb.net] org.mongodb.driver.cluster               : Adding discovered server cluster0-shard-00-00.xd6xl.mongodb.net:27017 to client view of cluster
2024-11-28T15:25:31.928+05:30  INFO 12784 --- [mongodbapi] [           main] org.mongodb.driver.client                : MongoClient with metadata {"application": {"name": "Cluster0"}, "driver": {"name": "mongo-java-driver|sync|spring-boot", "version": "5.2.1"}, "os": {"type": "Windows", "name": "Windows 11", "architecture": "amd64", "version": "10.0"}, "platform": "Java/Eclipse Adoptium/17.0.2+8"} created with settings MongoClientSettings{readPreference=primary, writeConcern=WriteConcern{w=majority, wTimeout=null ms, journal=null}, retryWrites=true, retryReads=true, readConcern=ReadConcern{level=null}, credential=MongoCredential{mechanism=null, userName='repodocker', source='admin', password=<hidden>, mechanismProperties=<hidden>}, transportSettings=null, commandListeners=[], codecRegistry=ProvidersCodecRegistry{codecProviders=[ValueCodecProvider{}, BsonValueCodecProvider{}, DBRefCodecProvider{}, DBObjectCodecProvider{}, DocumentCodecProvider{}, CollectionCodecProvider{}, IterableCodecProvider{}, MapCodecProvider{}, GeoJsonCodecProvider{}, GridFSFileCodecProvider{}, Jsr310CodecProvider{}, JsonObjectCodecProvider{}, BsonCodecProvider{}, EnumCodecProvider{}, com.mongodb.client.model.mql.ExpressionCodecProvider@498c535d, com.mongodb.Jep395RecordCodecProvider@16ee9aa7, com.mongodb.KotlinCodecProvider@4e424582]}, loggerSettings=LoggerSettings{maxDocumentLength=1000}, clusterSettings={hosts=[127.0.0.1:27017], srvHost=cluster0.xd6xl.mongodb.net, srvServiceName=mongodb, mode=MULTIPLE, requiredClusterType=REPLICA_SET, requiredReplicaSetName='atlas-76uzgy-shard-0', serverSelector='null', clusterListeners='[]', serverSelectionTimeout='30000 ms', localThreshold='15 ms'}, socketSettings=SocketSettings{connectTimeoutMS=10000, readTimeoutMS=0, receiveBufferSize=0, proxySettings=ProxySettings{host=null, port=null, username=null, password=null}}, heartbeatSocketSettings=SocketSettings{connectTimeoutMS=10000, readTimeoutMS=10000, receiveBufferSize=0, proxySettings=ProxySettings{host=null, port=null, username=null, password=null}}, connectionPoolSettings=ConnectionPoolSettings{maxSize=100, minSize=0, maxWaitTimeMS=120000, maxConnectionLifeTimeMS=0, maxConnectionIdleTimeMS=0, maintenanceInitialDelayMS=0, maintenanceFrequencyMS=60000, connectionPoolListeners=[], maxConnecting=2}, serverSettings=ServerSettings{heartbeatFrequencyMS=10000, minHeartbeatFrequencyMS=500, serverMonitoringMode=AUTO, serverListeners='[]', serverMonitorListeners='[]'}, sslSettings=SslSettings{enabled=true, invalidHostNameAllowed=false, context=null}, applicationName='Cluster0', compressorList=[], uuidRepresentation=JAVA_LEGACY, serverApi=null, autoEncryptionSettings=null, dnsClient=null, inetAddressResolver=null, contextProvider=null, timeoutMS=null}
2024-11-28T15:25:31.939+05:30  INFO 12784 --- [mongodbapi] [6xl.mongodb.net] org.mongodb.driver.cluster               : Adding discovered server cluster0-shard-00-01.xd6xl.mongodb.net:27017 to client view of cluster
2024-11-28T15:25:31.942+05:30  INFO 12784 --- [mongodbapi] [6xl.mongodb.net] org.mongodb.driver.cluster               : Adding discovered server cluster0-shard-00-02.xd6xl.mongodb.net:27017 to client view of cluster
2024-11-28T15:25:32.416+05:30  INFO 12784 --- [mongodbapi] [ngodb.net:27017] org.mongodb.driver.cluster               : Monitor thread successfully connected to server with description ServerDescription{address=cluster0-shard-00-00.xd6xl.mongodb.net:27017, type=REPLICA_SET_SECONDARY, cryptd=false, state=CONNECTED, ok=true, minWireVersion=0, maxWireVersion=25, maxDocumentSize=16777216, logicalSessionTimeoutMinutes=30, roundTripTimeNanos=288671100, minRoundTripTimeNanos=0, setName='atlas-76uzgy-shard-0', canonicalAddress=cluster0-shard-00-00.xd6xl.mongodb.net:27017, hosts=[cluster0-shard-00-02.xd6xl.mongodb.net:27017, cluster0-shard-00-01.xd6xl.mongodb.net:27017, cluster0-shard-00-00.xd6xl.mongodb.net:27017], passives=[], arbiters=[], primary='cluster0-shard-00-02.xd6xl.mongodb.net:27017', tagSet=TagSet{[Tag{name='availabilityZone', value='aps1-az1'}, Tag{name='diskState', value='READY'}, Tag{name='nodeType', value='ELECTABLE'}, Tag{name='provider', value='AWS'}, Tag{name='region', value='AP_SOUTH_1'}, Tag{name='workloadType', value='OPERATIONAL'}]}, electionId=null, setVersion=134, topologyVersion=TopologyVersion{processId=674834b6dd5bbc6a483abb87, counter=4}, lastWriteDate=Thu Nov 28 15:25:32 IST 2024, lastUpdateTimeNanos=14531251027100}
2024-11-28T15:25:32.416+05:30  INFO 12784 --- [mongodbapi] [ngodb.net:27017] org.mongodb.driver.cluster               : Monitor thread successfully connected to server with description ServerDescription{address=cluster0-shard-00-01.xd6xl.mongodb.net:27017, type=REPLICA_SET_SECONDARY, cryptd=false, state=CONNECTED, ok=true, minWireVersion=0, maxWireVersion=25, maxDocumentSize=16777216, logicalSessionTimeoutMinutes=30, roundTripTimeNanos=291169700, minRoundTripTimeNanos=0, setName='atlas-76uzgy-shard-0', canonicalAddress=cluster0-shard-00-01.xd6xl.mongodb.net:27017, hosts=[cluster0-shard-00-02.xd6xl.mongodb.net:27017, cluster0-shard-00-01.xd6xl.mongodb.net:27017, cluster0-shard-00-00.xd6xl.mongodb.net:27017], passives=[], arbiters=[], primary='cluster0-shard-00-02.xd6xl.mongodb.net:27017', tagSet=TagSet{[Tag{name='availabilityZone', value='aps1-az3'}, Tag{name='diskState', value='READY'}, Tag{name='nodeType', value='ELECTABLE'}, Tag{name='provider', value='AWS'}, Tag{name='region', value='AP_SOUTH_1'}, Tag{name='workloadType', value='OPERATIONAL'}]}, electionId=null, setVersion=134, topologyVersion=TopologyVersion{processId=67483624e11b92aa1895a781, counter=3}, lastWriteDate=Thu Nov 28 15:25:32 IST 2024, lastUpdateTimeNanos=14531251027000}
2024-11-28T15:25:32.417+05:30  INFO 12784 --- [mongodbapi] [ngodb.net:27017] org.mongodb.driver.cluster               : Monitor thread successfully connected to server with description ServerDescription{address=cluster0-shard-00-02.xd6xl.mongodb.net:27017, type=REPLICA_SET_PRIMARY, cryptd=false, state=CONNECTED, ok=true, minWireVersion=0, maxWireVersion=25, maxDocumentSize=16777216, logicalSessionTimeoutMinutes=30, roundTripTimeNanos=293832900, minRoundTripTimeNanos=0, setName='atlas-76uzgy-shard-0', canonicalAddress=cluster0-shard-00-02.xd6xl.mongodb.net:27017, hosts=[cluster0-shard-00-02.xd6xl.mongodb.net:27017, cluster0-shard-00-01.xd6xl.mongodb.net:27017, cluster0-shard-00-00.xd6xl.mongodb.net:27017], passives=[], arbiters=[], primary='cluster0-shard-00-02.xd6xl.mongodb.net:27017', tagSet=TagSet{[Tag{name='availabilityZone', value='aps1-az2'}, Tag{name='diskState', value='READY'}, Tag{name='nodeType', value='ELECTABLE'}, Tag{name='provider', value='AWS'}, Tag{name='region', value='AP_SOUTH_1'}, Tag{name='workloadType', value='OPERATIONAL'}]}, electionId=7fffffff0000000000000086, setVersion=134, topologyVersion=TopologyVersion{processId=674833cf2600a7a7ad85888d, counter=6}, lastWriteDate=Thu Nov 28 15:25:32 IST 2024, lastUpdateTimeNanos=14531255006600}
2024-11-28T15:25:32.419+05:30  INFO 12784 --- [mongodbapi] [ngodb.net:27017] org.mongodb.driver.cluster               : Discovered replica set primary cluster0-shard-00-02.xd6xl.mongodb.net:27017 with max election id 7fffffff0000000000000086 and max set version 134
2024-11-28T15:25:32.508+05:30  INFO 12784 --- [mongodbapi] [           main] org.mongodb.driver.client                : MongoClient with metadata {"application": {"name": "Cluster0"}, "driver": {"name": "mongo-java-driver|reactive-streams|spring-boot", "version": "5.2.1"}, "os": {"type": "Windows", "name": "Windows 11", "architecture": "amd64", "version": "10.0"}, "platform": "Java/Eclipse Adoptium/17.0.2+8"} created with settings MongoClientSettings{readPreference=primary, writeConcern=WriteConcern{w=majority, wTimeout=null ms, journal=null}, retryWrites=true, retryReads=true, readConcern=ReadConcern{level=null}, credential=MongoCredential{mechanism=null, userName='repodocker', source='admin', password=<hidden>, mechanismProperties=<hidden>}, transportSettings=null, commandListeners=[], codecRegistry=ProvidersCodecRegistry{codecProviders=[ValueCodecProvider{}, BsonValueCodecProvider{}, DBRefCodecProvider{}, DBObjectCodecProvider{}, DocumentCodecProvider{}, CollectionCodecProvider{}, IterableCodecProvider{}, MapCodecProvider{}, GeoJsonCodecProvider{}, GridFSFileCodecProvider{}, Jsr310CodecProvider{}, JsonObjectCodecProvider{}, BsonCodecProvider{}, EnumCodecProvider{}, com.mongodb.client.model.mql.ExpressionCodecProvider@498c535d, com.mongodb.Jep395RecordCodecProvider@16ee9aa7, com.mongodb.KotlinCodecProvider@4e424582]}, loggerSettings=LoggerSettings{maxDocumentLength=1000}, clusterSettings={hosts=[127.0.0.1:27017], srvHost=cluster0.xd6xl.mongodb.net, srvServiceName=mongodb, mode=MULTIPLE, requiredClusterType=REPLICA_SET, requiredReplicaSetName='atlas-76uzgy-shard-0', serverSelector='null', clusterListeners='[]', serverSelectionTimeout='30000 ms', localThreshold='15 ms'}, socketSettings=SocketSettings{connectTimeoutMS=10000, readTimeoutMS=0, receiveBufferSize=0, proxySettings=ProxySettings{host=null, port=null, username=null, password=null}}, heartbeatSocketSettings=SocketSettings{connectTimeoutMS=10000, readTimeoutMS=10000, receiveBufferSize=0, proxySettings=ProxySettings{host=null, port=null, username=null, password=null}}, connectionPoolSettings=ConnectionPoolSettings{maxSize=100, minSize=0, maxWaitTimeMS=120000, maxConnectionLifeTimeMS=0, maxConnectionIdleTimeMS=0, maintenanceInitialDelayMS=0, maintenanceFrequencyMS=60000, connectionPoolListeners=[], maxConnecting=2}, serverSettings=ServerSettings{heartbeatFrequencyMS=10000, minHeartbeatFrequencyMS=500, serverMonitoringMode=AUTO, serverListeners='[]', serverMonitorListeners='[]'}, sslSettings=SslSettings{enabled=true, invalidHostNameAllowed=false, context=null}, applicationName='Cluster0', compressorList=[], uuidRepresentation=JAVA_LEGACY, serverApi=null, autoEncryptionSettings=null, dnsClient=null, inetAddressResolver=null, contextProvider=null, timeoutMS=null}
2024-11-28T15:25:32.514+05:30  INFO 12784 --- [mongodbapi] [6xl.mongodb.net] org.mongodb.driver.cluster               : Adding discovered server cluster0-shard-00-00.xd6xl.mongodb.net:27017 to client view of cluster
2024-11-28T15:25:32.517+05:30  INFO 12784 --- [mongodbapi] [6xl.mongodb.net] org.mongodb.driver.cluster               : Adding discovered server cluster0-shard-00-01.xd6xl.mongodb.net:27017 to client view of cluster
2024-11-28T15:25:32.519+05:30  INFO 12784 --- [mongodbapi] [6xl.mongodb.net] org.mongodb.driver.cluster               : Adding discovered server cluster0-shard-00-02.xd6xl.mongodb.net:27017 to client view of cluster
2024-11-28T15:25:32.601+05:30  INFO 12784 --- [mongodbapi] [           main] c.c.a.CourseServiceapiApplicationTests   : Started CourseServiceapiApplicationTests in 1.842 seconds (process running for 2.879)
2024-11-28T15:25:32.677+05:30  INFO 12784 --- [mongodbapi] [ngodb.net:27017] org.mongodb.driver.cluster               : Monitor thread successfully connected to server with description ServerDescription{address=cluster0-shard-00-00.xd6xl.mongodb.net:27017, type=REPLICA_SET_SECONDARY, cryptd=false, state=CONNECTED, ok=true, minWireVersion=0, maxWireVersion=25, maxDocumentSize=16777216, logicalSessionTimeoutMinutes=30, roundTripTimeNanos=99916300, minRoundTripTimeNanos=0, setName='atlas-76uzgy-shard-0', canonicalAddress=cluster0-shard-00-00.xd6xl.mongodb.net:27017, hosts=[cluster0-shard-00-02.xd6xl.mongodb.net:27017, cluster0-shard-00-01.xd6xl.mongodb.net:27017, cluster0-shard-00-00.xd6xl.mongodb.net:27017], passives=[], arbiters=[], primary='cluster0-shard-00-02.xd6xl.mongodb.net:27017', tagSet=TagSet{[Tag{name='availabilityZone', value='aps1-az1'}, Tag{name='diskState', value='READY'}, Tag{name='nodeType', value='ELECTABLE'}, Tag{name='provider', value='AWS'}, Tag{name='region', value='AP_SOUTH_1'}, Tag{name='workloadType', value='OPERATIONAL'}]}, electionId=null, setVersion=134, topologyVersion=TopologyVersion{processId=674834b6dd5bbc6a483abb87, counter=4}, lastWriteDate=Thu Nov 28 15:25:32 IST 2024, lastUpdateTimeNanos=14531515272900}
2024-11-28T15:25:32.678+05:30  INFO 12784 --- [mongodbapi] [ngodb.net:27017] org.mongodb.driver.cluster               : Monitor thread successfully connected to server with description ServerDescription{address=cluster0-shard-00-01.xd6xl.mongodb.net:27017, type=REPLICA_SET_SECONDARY, cryptd=false, state=CONNECTED, ok=true, minWireVersion=0, maxWireVersion=25, maxDocumentSize=16777216, logicalSessionTimeoutMinutes=30, roundTripTimeNanos=100741900, minRoundTripTimeNanos=0, setName='atlas-76uzgy-shard-0', canonicalAddress=cluster0-shard-00-01.xd6xl.mongodb.net:27017, hosts=[cluster0-shard-00-02.xd6xl.mongodb.net:27017, cluster0-shard-00-01.xd6xl.mongodb.net:27017, cluster0-shard-00-00.xd6xl.mongodb.net:27017], passives=[], arbiters=[], primary='cluster0-shard-00-02.xd6xl.mongodb.net:27017', tagSet=TagSet{[Tag{name='availabilityZone', value='aps1-az3'}, Tag{name='diskState', value='READY'}, Tag{name='nodeType', value='ELECTABLE'}, Tag{name='provider', value='AWS'}, Tag{name='region', value='AP_SOUTH_1'}, Tag{name='workloadType', value='OPERATIONAL'}]}, electionId=null, setVersion=134, topologyVersion=TopologyVersion{processId=67483624e11b92aa1895a781, counter=3}, lastWriteDate=Thu Nov 28 15:25:32 IST 2024, lastUpdateTimeNanos=14531516417200}
2024-11-28T15:25:32.699+05:30  INFO 12784 --- [mongodbapi] [ngodb.net:27017] org.mongodb.driver.cluster               : Monitor thread successfully connected to server with description ServerDescription{address=cluster0-shard-00-02.xd6xl.mongodb.net:27017, type=REPLICA_SET_PRIMARY, cryptd=false, state=CONNECTED, ok=true, minWireVersion=0, maxWireVersion=25, maxDocumentSize=16777216, logicalSessionTimeoutMinutes=30, roundTripTimeNanos=122062700, minRoundTripTimeNanos=0, setName='atlas-76uzgy-shard-0', canonicalAddress=cluster0-shard-00-02.xd6xl.mongodb.net:27017, hosts=[cluster0-shard-00-02.xd6xl.mongodb.net:27017, cluster0-shard-00-01.xd6xl.mongodb.net:27017, cluster0-shard-00-00.xd6xl.mongodb.net:27017], passives=[], arbiters=[], primary='cluster0-shard-00-02.xd6xl.mongodb.net:27017', tagSet=TagSet{[Tag{name='availabilityZone', value='aps1-az2'}, Tag{name='diskState', value='READY'}, Tag{name='nodeType', value='ELECTABLE'}, Tag{name='provider', value='AWS'}, Tag{name='region', value='AP_SOUTH_1'}, Tag{name='workloadType', value='OPERATIONAL'}]}, electionId=7fffffff0000000000000086, setVersion=134, topologyVersion=TopologyVersion{processId=674833cf2600a7a7ad85888d, counter=6}, lastWriteDate=Thu Nov 28 15:25:32 IST 2024, lastUpdateTimeNanos=14531537912100}
2024-11-28T15:25:32.700+05:30  INFO 12784 --- [mongodbapi] [ngodb.net:27017] org.mongodb.driver.cluster               : Discovered replica set primary cluster0-shard-00-02.xd6xl.mongodb.net:27017 with max election id 7fffffff0000000000000086 and max set version 134
]]></system-out>
  </testcase>
</testsuite>